<?xml version="1.0" encoding="UTF-8"?>
<testng-results skipped="0" failed="0" ignored="0" total="1" passed="1">
  <reporter-output>
  </reporter-output>
  <suite name="Suite" duration-ms="20257" started-at="2023-03-27T15:27:48Z" finished-at="2023-03-27T15:28:08Z">
    <groups>
    </groups>
    <test name="Test" duration-ms="20257" started-at="2023-03-27T15:27:48Z" finished-at="2023-03-27T15:28:08Z">
      <class name="com.test.QuantityAlertsPageTest">
        <test-method status="PASS" signature="launchBrowser(java.lang.String)[pri:0, instance:com.test.QuantityAlertsPageTest@13805618]" name="launchBrowser" is-config="true" duration-ms="4798" started-at="2023-03-27T20:57:48Z" finished-at="2023-03-27T20:57:53Z">
          <params>
            <param index="0">
              <value>
                <![CDATA[edge]]>
              </value>
            </param>
          </params>
          <reporter-output>
          </reporter-output>
        </test-method> <!-- launchBrowser -->
        <test-method status="PASS" signature="preRun()[pri:0, instance:com.test.QuantityAlertsPageTest@13805618]" name="preRun" is-config="true" duration-ms="15239" started-at="2023-03-27T20:57:53Z" finished-at="2023-03-27T20:58:08Z">
          <reporter-output>
          </reporter-output>
        </test-method> <!-- preRun -->
        <test-method status="PASS" signature="validateQuantityAlertPageFields()[pri:1, instance:com.test.QuantityAlertsPageTest@13805618]" name="validateQuantityAlertPageFields" duration-ms="203" started-at="2023-03-27T20:58:08Z" finished-at="2023-03-27T20:58:08Z">
          <reporter-output>
          </reporter-output>
        </test-method> <!-- validateQuantityAlertPageFields -->
      </class> <!-- com.test.QuantityAlertsPageTest -->
    </test> <!-- Test -->
  </suite> <!-- Suite -->
</testng-results>
