<?xml version="1.0" encoding="UTF-8"?>
<!-- Generated by org.testng.reporters.JUnitXMLReporter -->
<testsuite hostname="Chikkus_hp" ignored="0" name="Test" tests="4" failures="4" timestamp="22 Mar 2023 16:00:34 GMT" time="17.745" errors="0">
  <testcase name="validateHomePageFields" time="0.086" classname="com.test.HomePageTest">
    <failure type="java.lang.AssertionError" message="The following asserts failed:
	Failure message:Reparation field not displayed expected [true] but found [false],
	Failure message:Client field not displayed expected [true] but found [false],
	Failure message:Products field not displayed expected [true] but found [false],
	Failure message:Calendar not displayed expected [true] but found [false],
	Failure message:Revenue chart field not displayed expected [true] but found [false],
	Failure message:Stock chart field not displayed expected [true] but found [false],
	Failure message:Quick Email field not displayed expected [true] but found [false],
	Failure message:Quick SMS field not displayed expected [true] but found [false]">
      <![CDATA[java.lang.AssertionError: The following asserts failed:
	Failure message:Reparation field not displayed expected [true] but found [false],
	Failure message:Client field not displayed expected [true] but found [false],
	Failure message:Products field not displayed expected [true] but found [false],
	Failure message:Calendar not displayed expected [true] but found [false],
	Failure message:Revenue chart field not displayed expected [true] but found [false],
	Failure message:Stock chart field not displayed expected [true] but found [false],
	Failure message:Quick Email field not displayed expected [true] but found [false],
	Failure message:Quick SMS field not displayed expected [true] but found [false]
	at com.test.HomePageTest.validateHomePageFields(HomePageTest.java:49)
... Removed 26 stack frames]]>
    </failure>
  </testcase> <!-- validateHomePageFields -->
  <testcase name="validateHomePageTopPanelFields" time="0.061" classname="com.test.HomePageTest">
    <failure type="java.lang.AssertionError" message="The following asserts failed:
	Failure message:Service Management Text not displayed expected [true] but found [false],
	Failure message:Side-Bar toggle button not displayed expected [true] but found [false],
	Failure message:Alert Button not displayed expected [true] but found [false],
	Failure message:Add Button not displayed expected [true] but found [false],
	Failure message:Logged-in username not displayed expected [true] but found [false],
	Failure message:Number of alerts not displayed expected [true] but found [false],
	Failure message:Add Button not clicked expected [true] but found [false],
	Failure message:Add Client Button not displayed expected [true] but found [false],
	Failure message:Add Reparation Button not displayed expected [true] but found [false],
	Failure message:Send SMS Button not displayed expected [true] but found [false],
	Failure message:Send Email Button not displayed expected [true] but found [false]">
      <![CDATA[java.lang.AssertionError: The following asserts failed:
	Failure message:Service Management Text not displayed expected [true] but found [false],
	Failure message:Side-Bar toggle button not displayed expected [true] but found [false],
	Failure message:Alert Button not displayed expected [true] but found [false],
	Failure message:Add Button not displayed expected [true] but found [false],
	Failure message:Logged-in username not displayed expected [true] but found [false],
	Failure message:Number of alerts not displayed expected [true] but found [false],
	Failure message:Add Button not clicked expected [true] but found [false],
	Failure message:Add Client Button not displayed expected [true] but found [false],
	Failure message:Add Reparation Button not displayed expected [true] but found [false],
	Failure message:Send SMS Button not displayed expected [true] but found [false],
	Failure message:Send Email Button not displayed expected [true] but found [false]
	at com.test.HomePageTest.validateHomePageTopPanelFields(HomePageTest.java:74)
... Removed 26 stack frames]]>
    </failure>
  </testcase> <!-- validateHomePageTopPanelFields -->
  <testcase name="validateHomePageLeftPanelFields" time="0.042" classname="com.test.HomePageTest">
    <failure type="java.lang.AssertionError" message="The following asserts failed:
	Failure message:Logged in username not displayed in left panel expected [true] but found [false],
	Failure message:Search reparations textbox not displayed expected [true] but found [false],
	Failure message:Main Navigation text missing in left panel expected [true] but found [false],
	Failure message:Home button not displayed in left panel expected [true] but found [false],
	Failure message: Settings button not displayed in left panel expected [true] but found [false],
	Failure message:Settings options missing in left panel expected [true] but found [false]">
      <![CDATA[java.lang.AssertionError: The following asserts failed:
	Failure message:Logged in username not displayed in left panel expected [true] but found [false],
	Failure message:Search reparations textbox not displayed expected [true] but found [false],
	Failure message:Main Navigation text missing in left panel expected [true] but found [false],
	Failure message:Home button not displayed in left panel expected [true] but found [false],
	Failure message: Settings button not displayed in left panel expected [true] but found [false],
	Failure message:Settings options missing in left panel expected [true] but found [false]
	at com.test.HomePageTest.validateHomePageLeftPanelFields(HomePageTest.java:93)
... Removed 26 stack frames]]>
    </failure>
  </testcase> <!-- validateHomePageLeftPanelFields -->
  <testcase name="validateQuickEmailAndQuickSmsOption" time="0.063" classname="com.test.HomePageTest">
    <failure type="java.lang.AssertionError" message="The following asserts failed:
	Failure message:Please enter emailid expected [true] but found [false],
	Failure message:Please enter mail subject expected [true] but found [false],
	Failure message:Please enter mail body expected [true] but found [false],
	Failure message:Email not send expected [true] but found [false],
	Failure message:Please enter mobile number expected [true] but found [false],
	Failure message:Please enter SMS message expected [true] but found [false],
	Failure message:SMS not send expected [true] but found [false]">
      <![CDATA[java.lang.AssertionError: The following asserts failed:
	Failure message:Please enter emailid expected [true] but found [false],
	Failure message:Please enter mail subject expected [true] but found [false],
	Failure message:Please enter mail body expected [true] but found [false],
	Failure message:Email not send expected [true] but found [false],
	Failure message:Please enter mobile number expected [true] but found [false],
	Failure message:Please enter SMS message expected [true] but found [false],
	Failure message:SMS not send expected [true] but found [false]
	at com.test.HomePageTest.validateQuickEmailAndQuickSmsOption(HomePageTest.java:119)
... Removed 26 stack frames]]>
    </failure>
  </testcase> <!-- validateQuickEmailAndQuickSmsOption -->
</testsuite> <!-- Test -->
