<?xml version="1.0" encoding="UTF-8"?>
<!-- Generated by org.testng.reporters.JUnitXMLReporter -->
<testsuite hostname="Chikkus_hp" ignored="3" name="Test" tests="1" failures="0" timestamp="12 Apr 2023 11:53:48 GMT" time="19.223" errors="0">
  <testcase name="validateEditProductFunctionalityInInventoryPage" time="8.426" classname="com.test.InventoryPageTest"/>
  <testcase name="validateActionsIconInInventoryPage" time="0.0" classname="com.test.InventoryPageTest">
    <ignored/>
  </testcase> <!-- validateActionsIconInInventoryPage -->
  <testcase name="validateInventoryPage" time="0.0" classname="com.test.InventoryPageTest">
    <ignored/>
  </testcase> <!-- validateInventoryPage -->
  <testcase name="validateAddProductFunctionalityInActionsIconInInventoryPage" time="0.0" classname="com.test.InventoryPageTest">
    <ignored/>
  </testcase> <!-- validateAddProductFunctionalityInActionsIconInInventoryPage -->
</testsuite> <!-- Test -->
